<?xml version="1.0" encoding="UTF-8"?>
<!-- Generated by org.testng.reporters.JUnitReportReporter -->
<testsuite hostname="Afrin31" failures="0" tests="1" name="ohrm.OrangeHrm" time="49.451" errors="0" timestamp="2023-10-25T13:17:53 IST" skipped="0">
  <testcase classname="ohrm.OrangeHrm" name="loadfunction" time="49.451"/>
</testsuite> <!-- ohrm.OrangeHrm -->
